<?xml version="1.0" encoding="UTF-8"?>
<!-- Generated by org.testng.reporters.JUnitReportReporter -->
<testsuite hostname="ARC3" name="automationFramework.TestNG" tests="17" failures="0" timestamp="16 Jul 2016 22:37:10 GMT" time="844.596" errors="0">
  <testcase name="joinUs" time="105.167" classname="automationFramework.TestNG"/>
  <testcase name="readMore" time="38.728" classname="automationFramework.TestNG"/>
  <testcase name="genresNeg" time="52.891" classname="automationFramework.TestNG"/>
  <testcase name="clickLogo" time="42.095" classname="automationFramework.TestNG"/>
  <testcase name="animatedFilm" time="43.390" classname="automationFramework.TestNG"/>
  <testcase name="playButton" time="34.368" classname="automationFramework.TestNG"/>
  <testcase name="button" time="40.158" classname="automationFramework.TestNG"/>
  <testcase name="trailerButton" time="33.202" classname="automationFramework.TestNG"/>
  <testcase name="newReleases" time="42.113" classname="automationFramework.TestNG"/>
  <testcase name="featured" time="115.954" classname="automationFramework.TestNG"/>
  <testcase name="genres" time="48.550" classname="automationFramework.TestNG"/>
  <testcase name="festivals" time="43.232" classname="automationFramework.TestNG"/>
  <testcase name="main" time="31.327" classname="automationFramework.TestNG"/>
  <testcase name="loginPage" time="36.001" classname="automationFramework.TestNG"/>
  <testcase name="related" time="50.775" classname="automationFramework.TestNG"/>
  <testcase name="signupPage" time="57.653" classname="automationFramework.TestNG"/>
  <testcase name="castCrew" time="28.992" classname="automationFramework.TestNG"/>
</testsuite> <!-- automationFramework.TestNG -->
